<?xml version="1.0" encoding="UTF-8"?>
<coverage generated="1675196757775" clover="3.2.0">
  <project timestamp="1675196757775" name="All files">
    <metrics statements="45" coveredstatements="38" conditionals="4" coveredconditionals="0" methods="9" coveredmethods="4" elements="58" coveredelements="42" complexity="0" loc="45" ncloc="45" packages="5" files="8" classes="8"/>
    <package name="db">
      <metrics statements="3" coveredstatements="3" conditionals="0" coveredconditionals="0" methods="0" coveredmethods="0"/>
      <file name="config.ts" path="/Users/henrique.suel/Desktop/testes/kanban/backend/src/db/config.ts">
        <metrics statements="3" coveredstatements="3" conditionals="0" coveredconditionals="0" methods="0" coveredmethods="0"/>
        <line num="1" count="4" type="stmt"/>
        <line num="3" count="4" type="stmt"/>
        <line num="5" count="4" type="stmt"/>
      </file>
    </package>
    <package name="modules.cards.repositories">
      <metrics statements="13" coveredstatements="6" conditionals="4" coveredconditionals="0" methods="5" coveredmethods="0"/>
      <file name="card.instance.ts" path="/Users/henrique.suel/Desktop/testes/kanban/backend/src/modules/cards/repositories/card.instance.ts">
        <metrics statements="4" coveredstatements="4" conditionals="0" coveredconditionals="0" methods="0" coveredmethods="0"/>
        <line num="1" count="4" type="stmt"/>
        <line num="2" count="4" type="stmt"/>
        <line num="11" count="4" type="stmt"/>
        <line num="13" count="4" type="stmt"/>
      </file>
      <file name="card.repository.ts" path="/Users/henrique.suel/Desktop/testes/kanban/backend/src/modules/cards/repositories/card.repository.ts">
        <metrics statements="9" coveredstatements="2" conditionals="4" coveredconditionals="0" methods="5" coveredmethods="0"/>
        <line num="1" count="4" type="stmt"/>
        <line num="10" count="4" type="stmt"/>
        <line num="12" count="0" type="stmt"/>
        <line num="16" count="0" type="stmt"/>
        <line num="17" count="0" type="cond" truecount="0" falsecount="4"/>
        <line num="21" count="0" type="stmt"/>
        <line num="22" count="0" type="stmt"/>
        <line num="26" count="0" type="stmt"/>
        <line num="30" count="0" type="stmt"/>
      </file>
    </package>
    <package name="modules.cards.useCases.createCard">
      <metrics statements="18" coveredstatements="18" conditionals="0" coveredconditionals="0" methods="2" coveredmethods="2"/>
      <file name="CreateCard.controller.ts" path="/Users/henrique.suel/Desktop/testes/kanban/backend/src/modules/cards/useCases/createCard/CreateCard.controller.ts">
        <metrics statements="8" coveredstatements="8" conditionals="0" coveredconditionals="0" methods="1" coveredmethods="1"/>
        <line num="2" count="1" type="stmt"/>
        <line num="3" count="1" type="stmt"/>
        <line num="5" count="1" type="stmt"/>
        <line num="7" count="2" type="stmt"/>
        <line num="9" count="2" type="stmt"/>
        <line num="13" count="2" type="stmt"/>
        <line num="15" count="2" type="stmt"/>
        <line num="17" count="2" type="stmt"/>
      </file>
      <file name="CreateCard.useCase.ts" path="/Users/henrique.suel/Desktop/testes/kanban/backend/src/modules/cards/useCases/createCard/CreateCard.useCase.ts">
        <metrics statements="10" coveredstatements="10" conditionals="0" coveredconditionals="0" methods="1" coveredmethods="1"/>
        <line num="1" count="2" type="stmt"/>
        <line num="2" count="2" type="stmt"/>
        <line num="3" count="2" type="stmt"/>
        <line num="11" count="2" type="stmt"/>
        <line num="13" count="2" type="stmt"/>
        <line num="14" count="2" type="stmt"/>
        <line num="15" count="2" type="stmt"/>
        <line num="16" count="2" type="stmt"/>
        <line num="17" count="1" type="stmt"/>
        <line num="19" count="1" type="stmt"/>
      </file>
    </package>
    <package name="modules.cards.useCases.findCards">
      <metrics statements="9" coveredstatements="9" conditionals="0" coveredconditionals="0" methods="2" coveredmethods="2"/>
      <file name="FindCards.controller.ts" path="/Users/henrique.suel/Desktop/testes/kanban/backend/src/modules/cards/useCases/findCards/FindCards.controller.ts">
        <metrics statements="5" coveredstatements="5" conditionals="0" coveredconditionals="0" methods="1" coveredmethods="1"/>
        <line num="2" count="1" type="stmt"/>
        <line num="4" count="1" type="stmt"/>
        <line num="6" count="2" type="stmt"/>
        <line num="8" count="2" type="stmt"/>
        <line num="10" count="2" type="stmt"/>
      </file>
      <file name="FindCards.useCase.ts" path="/Users/henrique.suel/Desktop/testes/kanban/backend/src/modules/cards/useCases/findCards/FindCards.useCase.ts">
        <metrics statements="4" coveredstatements="4" conditionals="0" coveredconditionals="0" methods="1" coveredmethods="1"/>
        <line num="1" count="2" type="stmt"/>
        <line num="3" count="2" type="stmt"/>
        <line num="5" count="1" type="stmt"/>
        <line num="6" count="1" type="stmt"/>
      </file>
    </package>
    <package name="modules.cards.utils">
      <metrics statements="2" coveredstatements="2" conditionals="0" coveredconditionals="0" methods="0" coveredmethods="0"/>
      <file name="validate-card.utils.ts" path="/Users/henrique.suel/Desktop/testes/kanban/backend/src/modules/cards/utils/validate-card.utils.ts">
        <metrics statements="2" coveredstatements="2" conditionals="0" coveredconditionals="0" methods="0" coveredmethods="0"/>
        <line num="1" count="2" type="stmt"/>
        <line num="3" count="2" type="stmt"/>
      </file>
    </package>
  </project>
</coverage>
