{"/Users/henrique.suel/Desktop/testes/kanban/backend/src/db/config.ts": {"path":"/Users/henrique.suel/Desktop/testes/kanban/backend/src/db/config.ts","statementMap":{"0":{"start":{"line":1,"column":0},"end":{"line":1,"column":38}},"1":{"start":{"line":3,"column":18},"end":{"line":3,"column":50}},"2":{"start":{"line":5,"column":0},"end":{"line":5,"column":25}}},"fnMap":{},"branchMap":{},"s":{"0":2,"1":2,"2":2},"f":{},"b":{}}
,"/Users/henrique.suel/Desktop/testes/kanban/backend/src/modules/cards/repositories/card.instance.ts": {"path":"/Users/henrique.suel/Desktop/testes/kanban/backend/src/modules/cards/repositories/card.instance.ts","statementMap":{"0":{"start":{"line":1,"column":0},"end":{"line":1,"column":45}},"1":{"start":{"line":2,"column":0},"end":{"line":2,"column":43}},"2":{"start":{"line":11,"column":0},"end":{"line":11,"column":13}},"3":{"start":{"line":13,"column":0},"end":{"line":37,"column":null}}},"fnMap":{},"branchMap":{},"s":{"0":2,"1":2,"2":2,"3":2},"f":{},"b":{}}
,"/Users/henrique.suel/Desktop/testes/kanban/backend/src/modules/cards/repositories/card.repository.ts": {"path":"/Users/henrique.suel/Desktop/testes/kanban/backend/src/modules/cards/repositories/card.repository.ts","statementMap":{"0":{"start":{"line":1,"column":0},"end":{"line":1,"column":47}},"1":{"start":{"line":12,"column":8},"end":{"line":12,"column":38}},"2":{"start":{"line":16,"column":22},"end":{"line":16,"column":53}},"3":{"start":{"line":17,"column":8},"end":{"line":17,"column":31}},"4":{"start":{"line":21,"column":21},"end":{"line":21,"column":77}},"5":{"start":{"line":22,"column":8},"end":{"line":22,"column":29}},"6":{"start":{"line":26,"column":8},"end":{"line":26,"column":81}},"7":{"start":{"line":30,"column":8},"end":{"line":30,"column":55}},"8":{"start":{"line":10,"column":0},"end":{"line":10,"column":13}}},"fnMap":{"0":{"name":"(anonymous_7)","decl":{"start":{"line":11,"column":10},"end":{"line":11,"column":17}},"loc":{"start":{"line":11,"column":17},"end":{"line":13,"column":null}}},"1":{"name":"(anonymous_9)","decl":{"start":{"line":15,"column":10},"end":{"line":15,"column":18}},"loc":{"start":{"line":15,"column":29},"end":{"line":18,"column":null}}},"2":{"name":"(anonymous_11)","decl":{"start":{"line":20,"column":10},"end":{"line":20,"column":16}},"loc":{"start":{"line":20,"column":58},"end":{"line":23,"column":null}}},"3":{"name":"(anonymous_13)","decl":{"start":{"line":25,"column":10},"end":{"line":25,"column":16}},"loc":{"start":{"line":25,"column":58},"end":{"line":27,"column":null}}},"4":{"name":"(anonymous_15)","decl":{"start":{"line":29,"column":10},"end":{"line":29,"column":16}},"loc":{"start":{"line":29,"column":27},"end":{"line":31,"column":null}}}},"branchMap":{"0":{"loc":{"start":{"line":17,"column":15},"end":{"line":17,"column":30}},"type":"cond-expr","locations":[{"start":{"line":17,"column":20},"end":{"line":17,"column":22}},{"start":{"line":17,"column":15},"end":{"line":17,"column":30}}]},"1":{"loc":{"start":{"line":17,"column":15},"end":{"line":17,"column":22}},"type":"binary-expr","locations":[{"start":{"line":17,"column":15},"end":{"line":17,"column":22}},{"start":{"line":17,"column":15},"end":{"line":17,"column":22}}]}},"s":{"0":2,"1":0,"2":0,"3":0,"4":0,"5":0,"6":0,"7":0,"8":2},"f":{"0":0,"1":0,"2":0,"3":0,"4":0},"b":{"0":[0,0],"1":[0,0]}}
,"/Users/henrique.suel/Desktop/testes/kanban/backend/src/modules/cards/useCases/createCard/CreateCard.controller.ts": {"path":"/Users/henrique.suel/Desktop/testes/kanban/backend/src/modules/cards/useCases/createCard/CreateCard.controller.ts","statementMap":{"0":{"start":{"line":2,"column":0},"end":{"line":2,"column":69}},"1":{"start":{"line":3,"column":0},"end":{"line":3,"column":57}},"2":{"start":{"line":7,"column":42},"end":{"line":7,"column":50}},"3":{"start":{"line":9,"column":8},"end":{"line":11,"column":11}},"4":{"start":{"line":13,"column":34},"end":{"line":13,"column":57}},"5":{"start":{"line":15,"column":21},"end":{"line":15,"column":78}},"6":{"start":{"line":17,"column":8},"end":{"line":17,"column":47}},"7":{"start":{"line":5,"column":0},"end":{"line":5,"column":13}}},"fnMap":{"0":{"name":"(anonymous_7)","decl":{"start":{"line":6,"column":10},"end":{"line":6,"column":16}},"loc":{"start":{"line":6,"column":49},"end":{"line":18,"column":null}}}},"branchMap":{},"s":{"0":1,"1":1,"2":2,"3":2,"4":2,"5":2,"6":2,"7":1},"f":{"0":2},"b":{}}
,"/Users/henrique.suel/Desktop/testes/kanban/backend/src/modules/cards/useCases/createCard/CreateCard.useCase.ts": {"path":"/Users/henrique.suel/Desktop/testes/kanban/backend/src/modules/cards/useCases/createCard/CreateCard.useCase.ts","statementMap":{"0":{"start":{"line":1,"column":0},"end":{"line":1,"column":36}},"1":{"start":{"line":2,"column":0},"end":{"line":2,"column":68}},"2":{"start":{"line":3,"column":0},"end":{"line":3,"column":41}},"3":{"start":{"line":13,"column":8},"end":{"line":20,"column":null}},"4":{"start":{"line":14,"column":23},"end":{"line":14,"column":31}},"5":{"start":{"line":15,"column":35},"end":{"line":15,"column":55}},"6":{"start":{"line":16,"column":25},"end":{"line":16,"column":83}},"7":{"start":{"line":17,"column":12},"end":{"line":17,"column":24}},"8":{"start":{"line":19,"column":12},"end":{"line":19,"column":null}},"9":{"start":{"line":11,"column":0},"end":{"line":11,"column":13}}},"fnMap":{"0":{"name":"(anonymous_7)","decl":{"start":{"line":12,"column":10},"end":{"line":12,"column":16}},"loc":{"start":{"line":12,"column":50},"end":{"line":21,"column":null}}}},"branchMap":{},"s":{"0":2,"1":2,"2":2,"3":2,"4":2,"5":2,"6":2,"7":1,"8":1,"9":2},"f":{"0":2},"b":{}}
,"/Users/henrique.suel/Desktop/testes/kanban/backend/src/modules/cards/utils/validate-card.utils.ts": {"path":"/Users/henrique.suel/Desktop/testes/kanban/backend/src/modules/cards/utils/validate-card.utils.ts","statementMap":{"0":{"start":{"line":1,"column":0},"end":{"line":1,"column":27}},"1":{"start":{"line":3,"column":13},"end":{"line":7,"column":null}}},"fnMap":{},"branchMap":{},"s":{"0":2,"1":2},"f":{},"b":{}}
}
