{"/Users/henrique.suel/Desktop/testes/kanban/backend/src/db/config.ts": {"path":"/Users/henrique.suel/Desktop/testes/kanban/backend/src/db/config.ts","statementMap":{"0":{"start":{"line":1,"column":0},"end":{"line":1,"column":38}},"1":{"start":{"line":3,"column":18},"end":{"line":3,"column":50}},"2":{"start":{"line":5,"column":0},"end":{"line":5,"column":25}}},"fnMap":{},"branchMap":{},"s":{"0":8,"1":8,"2":8},"f":{},"b":{}}
,"/Users/henrique.suel/Desktop/testes/kanban/backend/src/modules/cards/repositories/card.instance.ts": {"path":"/Users/henrique.suel/Desktop/testes/kanban/backend/src/modules/cards/repositories/card.instance.ts","statementMap":{"0":{"start":{"line":1,"column":0},"end":{"line":1,"column":45}},"1":{"start":{"line":2,"column":0},"end":{"line":2,"column":43}},"2":{"start":{"line":11,"column":0},"end":{"line":11,"column":13}},"3":{"start":{"line":13,"column":0},"end":{"line":37,"column":null}}},"fnMap":{},"branchMap":{},"s":{"0":8,"1":8,"2":8,"3":8},"f":{},"b":{}}
,"/Users/henrique.suel/Desktop/testes/kanban/backend/src/modules/cards/repositories/card.repository.ts": {"path":"/Users/henrique.suel/Desktop/testes/kanban/backend/src/modules/cards/repositories/card.repository.ts","statementMap":{"0":{"start":{"line":1,"column":0},"end":{"line":1,"column":47}},"1":{"start":{"line":12,"column":8},"end":{"line":12,"column":38}},"2":{"start":{"line":16,"column":22},"end":{"line":16,"column":53}},"3":{"start":{"line":17,"column":8},"end":{"line":17,"column":31}},"4":{"start":{"line":21,"column":21},"end":{"line":21,"column":77}},"5":{"start":{"line":22,"column":8},"end":{"line":22,"column":29}},"6":{"start":{"line":26,"column":8},"end":{"line":26,"column":81}},"7":{"start":{"line":30,"column":8},"end":{"line":30,"column":55}},"8":{"start":{"line":10,"column":0},"end":{"line":10,"column":13}}},"fnMap":{"0":{"name":"(anonymous_7)","decl":{"start":{"line":11,"column":10},"end":{"line":11,"column":17}},"loc":{"start":{"line":11,"column":17},"end":{"line":13,"column":null}}},"1":{"name":"(anonymous_9)","decl":{"start":{"line":15,"column":10},"end":{"line":15,"column":18}},"loc":{"start":{"line":15,"column":29},"end":{"line":18,"column":null}}},"2":{"name":"(anonymous_11)","decl":{"start":{"line":20,"column":10},"end":{"line":20,"column":16}},"loc":{"start":{"line":20,"column":58},"end":{"line":23,"column":null}}},"3":{"name":"(anonymous_13)","decl":{"start":{"line":25,"column":10},"end":{"line":25,"column":16}},"loc":{"start":{"line":25,"column":58},"end":{"line":27,"column":null}}},"4":{"name":"(anonymous_15)","decl":{"start":{"line":29,"column":10},"end":{"line":29,"column":16}},"loc":{"start":{"line":29,"column":27},"end":{"line":31,"column":null}}}},"branchMap":{"0":{"loc":{"start":{"line":17,"column":15},"end":{"line":17,"column":30}},"type":"cond-expr","locations":[{"start":{"line":17,"column":20},"end":{"line":17,"column":22}},{"start":{"line":17,"column":15},"end":{"line":17,"column":30}}]},"1":{"loc":{"start":{"line":17,"column":15},"end":{"line":17,"column":22}},"type":"binary-expr","locations":[{"start":{"line":17,"column":15},"end":{"line":17,"column":22}},{"start":{"line":17,"column":15},"end":{"line":17,"column":22}}]}},"s":{"0":8,"1":0,"2":0,"3":0,"4":0,"5":0,"6":0,"7":0,"8":8},"f":{"0":0,"1":0,"2":0,"3":0,"4":0},"b":{"0":[0,0],"1":[0,0]}}
,"/Users/henrique.suel/Desktop/testes/kanban/backend/src/modules/cards/useCases/DeleteCard/DeleteCard.controller.ts": {"path":"/Users/henrique.suel/Desktop/testes/kanban/backend/src/modules/cards/useCases/DeleteCard/DeleteCard.controller.ts","statementMap":{"0":{"start":{"line":2,"column":0},"end":{"line":2,"column":44}},"1":{"start":{"line":3,"column":0},"end":{"line":3,"column":57}},"2":{"start":{"line":7,"column":23},"end":{"line":7,"column":33}},"3":{"start":{"line":9,"column":34},"end":{"line":9,"column":57}},"4":{"start":{"line":11,"column":21},"end":{"line":11,"column":59}},"5":{"start":{"line":13,"column":8},"end":{"line":13,"column":49}},"6":{"start":{"line":15,"column":8},"end":{"line":15,"column":null}},"7":{"start":{"line":5,"column":0},"end":{"line":5,"column":13}}},"fnMap":{"0":{"name":"(anonymous_7)","decl":{"start":{"line":6,"column":10},"end":{"line":6,"column":16}},"loc":{"start":{"line":6,"column":49},"end":{"line":16,"column":null}}}},"branchMap":{},"s":{"0":1,"1":1,"2":3,"3":3,"4":3,"5":3,"6":3,"7":1},"f":{"0":3},"b":{}}
,"/Users/henrique.suel/Desktop/testes/kanban/backend/src/modules/cards/useCases/DeleteCard/DeleteCard.useCase.ts": {"path":"/Users/henrique.suel/Desktop/testes/kanban/backend/src/modules/cards/useCases/DeleteCard/DeleteCard.useCase.ts","statementMap":{"0":{"start":{"line":1,"column":0},"end":{"line":1,"column":68}},"1":{"start":{"line":2,"column":0},"end":{"line":2,"column":39}},"2":{"start":{"line":10,"column":31},"end":{"line":10,"column":51}},"3":{"start":{"line":12,"column":29},"end":{"line":12,"column":62}},"4":{"start":{"line":14,"column":8},"end":{"line":14,"column":null}},"5":{"start":{"line":14,"column":27},"end":{"line":14,"column":null}},"6":{"start":{"line":16,"column":8},"end":{"line":16,"column":40}},"7":{"start":{"line":18,"column":22},"end":{"line":18,"column":52}},"8":{"start":{"line":20,"column":8},"end":{"line":20,"column":null}},"9":{"start":{"line":8,"column":0},"end":{"line":8,"column":13}}},"fnMap":{"0":{"name":"(anonymous_7)","decl":{"start":{"line":9,"column":10},"end":{"line":9,"column":16}},"loc":{"start":{"line":9,"column":31},"end":{"line":21,"column":null}}}},"branchMap":{"0":{"loc":{"start":{"line":14,"column":8},"end":{"line":14,"column":null}},"type":"if","locations":[{"start":{"line":14,"column":8},"end":{"line":14,"column":null}}]}},"s":{"0":2,"1":2,"2":2,"3":2,"4":2,"5":1,"6":1,"7":1,"8":1,"9":2},"f":{"0":2},"b":{"0":[1]}}
,"/Users/henrique.suel/Desktop/testes/kanban/backend/src/modules/cards/useCases/createCard/CreateCard.controller.ts": {"path":"/Users/henrique.suel/Desktop/testes/kanban/backend/src/modules/cards/useCases/createCard/CreateCard.controller.ts","statementMap":{"0":{"start":{"line":2,"column":0},"end":{"line":2,"column":69}},"1":{"start":{"line":3,"column":0},"end":{"line":3,"column":57}},"2":{"start":{"line":7,"column":42},"end":{"line":7,"column":50}},"3":{"start":{"line":9,"column":8},"end":{"line":11,"column":11}},"4":{"start":{"line":13,"column":34},"end":{"line":13,"column":57}},"5":{"start":{"line":15,"column":21},"end":{"line":15,"column":78}},"6":{"start":{"line":17,"column":8},"end":{"line":17,"column":47}},"7":{"start":{"line":5,"column":0},"end":{"line":5,"column":13}}},"fnMap":{"0":{"name":"(anonymous_7)","decl":{"start":{"line":6,"column":10},"end":{"line":6,"column":16}},"loc":{"start":{"line":6,"column":49},"end":{"line":18,"column":null}}}},"branchMap":{},"s":{"0":1,"1":1,"2":2,"3":2,"4":2,"5":2,"6":2,"7":1},"f":{"0":2},"b":{}}
,"/Users/henrique.suel/Desktop/testes/kanban/backend/src/modules/cards/useCases/createCard/CreateCard.useCase.ts": {"path":"/Users/henrique.suel/Desktop/testes/kanban/backend/src/modules/cards/useCases/createCard/CreateCard.useCase.ts","statementMap":{"0":{"start":{"line":1,"column":0},"end":{"line":1,"column":36}},"1":{"start":{"line":2,"column":0},"end":{"line":2,"column":68}},"2":{"start":{"line":3,"column":0},"end":{"line":3,"column":41}},"3":{"start":{"line":13,"column":8},"end":{"line":20,"column":null}},"4":{"start":{"line":14,"column":23},"end":{"line":14,"column":31}},"5":{"start":{"line":15,"column":35},"end":{"line":15,"column":55}},"6":{"start":{"line":16,"column":25},"end":{"line":16,"column":83}},"7":{"start":{"line":17,"column":12},"end":{"line":17,"column":24}},"8":{"start":{"line":19,"column":12},"end":{"line":19,"column":null}},"9":{"start":{"line":11,"column":0},"end":{"line":11,"column":13}}},"fnMap":{"0":{"name":"(anonymous_7)","decl":{"start":{"line":12,"column":10},"end":{"line":12,"column":16}},"loc":{"start":{"line":12,"column":50},"end":{"line":21,"column":null}}}},"branchMap":{},"s":{"0":2,"1":2,"2":2,"3":2,"4":2,"5":2,"6":2,"7":1,"8":1,"9":2},"f":{"0":2},"b":{}}
,"/Users/henrique.suel/Desktop/testes/kanban/backend/src/modules/cards/useCases/findCards/FindCards.controller.ts": {"path":"/Users/henrique.suel/Desktop/testes/kanban/backend/src/modules/cards/useCases/findCards/FindCards.controller.ts","statementMap":{"0":{"start":{"line":2,"column":0},"end":{"line":2,"column":55}},"1":{"start":{"line":6,"column":33},"end":{"line":6,"column":55}},"2":{"start":{"line":8,"column":22},"end":{"line":8,"column":53}},"3":{"start":{"line":10,"column":8},"end":{"line":10,"column":null}},"4":{"start":{"line":4,"column":0},"end":{"line":4,"column":13}}},"fnMap":{"0":{"name":"(anonymous_7)","decl":{"start":{"line":5,"column":10},"end":{"line":5,"column":16}},"loc":{"start":{"line":5,"column":49},"end":{"line":12,"column":null}}}},"branchMap":{},"s":{"0":1,"1":2,"2":2,"3":2,"4":1},"f":{"0":2},"b":{}}
,"/Users/henrique.suel/Desktop/testes/kanban/backend/src/modules/cards/useCases/findCards/FindCards.useCase.ts": {"path":"/Users/henrique.suel/Desktop/testes/kanban/backend/src/modules/cards/useCases/findCards/FindCards.useCase.ts","statementMap":{"0":{"start":{"line":1,"column":0},"end":{"line":1,"column":68}},"1":{"start":{"line":5,"column":31},"end":{"line":5,"column":51}},"2":{"start":{"line":6,"column":8},"end":{"line":6,"column":40}},"3":{"start":{"line":3,"column":0},"end":{"line":3,"column":13}}},"fnMap":{"0":{"name":"(anonymous_7)","decl":{"start":{"line":4,"column":10},"end":{"line":4,"column":16}},"loc":{"start":{"line":4,"column":16},"end":{"line":7,"column":null}}}},"branchMap":{},"s":{"0":2,"1":1,"2":1,"3":2},"f":{"0":1},"b":{}}
,"/Users/henrique.suel/Desktop/testes/kanban/backend/src/modules/cards/useCases/updateCard/UpdateCard.controller.ts": {"path":"/Users/henrique.suel/Desktop/testes/kanban/backend/src/modules/cards/useCases/updateCard/UpdateCard.controller.ts","statementMap":{"0":{"start":{"line":2,"column":0},"end":{"line":2,"column":44}},"1":{"start":{"line":3,"column":0},"end":{"line":3,"column":69}},"2":{"start":{"line":4,"column":0},"end":{"line":4,"column":58}},"3":{"start":{"line":8,"column":23},"end":{"line":8,"column":33}},"4":{"start":{"line":9,"column":42},"end":{"line":9,"column":50}},"5":{"start":{"line":11,"column":8},"end":{"line":13,"column":11}},"6":{"start":{"line":15,"column":35},"end":{"line":15,"column":59}},"7":{"start":{"line":17,"column":21},"end":{"line":17,"column":83}},"8":{"start":{"line":19,"column":8},"end":{"line":19,"column":42}},"9":{"start":{"line":21,"column":8},"end":{"line":21,"column":null}},"10":{"start":{"line":6,"column":0},"end":{"line":6,"column":13}}},"fnMap":{"0":{"name":"(anonymous_7)","decl":{"start":{"line":7,"column":10},"end":{"line":7,"column":16}},"loc":{"start":{"line":7,"column":49},"end":{"line":23,"column":null}}}},"branchMap":{},"s":{"0":1,"1":1,"2":1,"3":3,"4":3,"5":3,"6":3,"7":3,"8":3,"9":3,"10":1},"f":{"0":3},"b":{}}
,"/Users/henrique.suel/Desktop/testes/kanban/backend/src/modules/cards/useCases/updateCard/UpdateCard.useCase.ts": {"path":"/Users/henrique.suel/Desktop/testes/kanban/backend/src/modules/cards/useCases/updateCard/UpdateCard.useCase.ts","statementMap":{"0":{"start":{"line":1,"column":0},"end":{"line":1,"column":68}},"1":{"start":{"line":2,"column":0},"end":{"line":2,"column":39}},"2":{"start":{"line":14,"column":31},"end":{"line":14,"column":51}},"3":{"start":{"line":16,"column":29},"end":{"line":16,"column":62}},"4":{"start":{"line":18,"column":8},"end":{"line":18,"column":63}},"5":{"start":{"line":18,"column":27},"end":{"line":18,"column":63}},"6":{"start":{"line":20,"column":8},"end":{"line":25,"column":11}},"7":{"start":{"line":27,"column":8},"end":{"line":31,"column":null}},"8":{"start":{"line":11,"column":0},"end":{"line":11,"column":13}}},"fnMap":{"0":{"name":"(anonymous_7)","decl":{"start":{"line":12,"column":10},"end":{"line":12,"column":16}},"loc":{"start":{"line":12,"column":54},"end":{"line":33,"column":null}}}},"branchMap":{"0":{"loc":{"start":{"line":18,"column":8},"end":{"line":18,"column":63}},"type":"if","locations":[{"start":{"line":18,"column":8},"end":{"line":18,"column":63}}]}},"s":{"0":2,"1":2,"2":2,"3":2,"4":2,"5":1,"6":1,"7":1,"8":2},"f":{"0":2},"b":{"0":[1]}}
,"/Users/henrique.suel/Desktop/testes/kanban/backend/src/modules/cards/utils/log.utils.ts": {"path":"/Users/henrique.suel/Desktop/testes/kanban/backend/src/modules/cards/utils/log.utils.ts","statementMap":{"0":{"start":{"line":7,"column":19},"end":{"line":10,"column":1}},"1":{"start":{"line":8,"column":21},"end":{"line":8,"column":55}},"2":{"start":{"line":9,"column":4},"end":{"line":9,"column":66}},"3":{"start":{"line":7,"column":13},"end":{"line":7,"column":19}}},"fnMap":{"0":{"name":"(anonymous_0)","decl":{"start":{"line":7,"column":19},"end":{"line":7,"column":20}},"loc":{"start":{"line":7,"column":51},"end":{"line":10,"column":1}}}},"branchMap":{},"s":{"0":3,"1":7,"2":7,"3":3},"f":{"0":7},"b":{}}
,"/Users/henrique.suel/Desktop/testes/kanban/backend/src/modules/cards/utils/validate-card.utils.ts": {"path":"/Users/henrique.suel/Desktop/testes/kanban/backend/src/modules/cards/utils/validate-card.utils.ts","statementMap":{"0":{"start":{"line":1,"column":0},"end":{"line":1,"column":27}},"1":{"start":{"line":3,"column":13},"end":{"line":7,"column":null}}},"fnMap":{},"branchMap":{},"s":{"0":3,"1":3},"f":{},"b":{}}
}
