TN:
SF:src/db/config.ts
FNF:0
FNH:0
DA:1,8
DA:3,8
DA:5,8
LF:3
LH:3
BRF:0
BRH:0
end_of_record
TN:
SF:src/modules/cards/repositories/card.instance.ts
FNF:0
FNH:0
DA:1,8
DA:2,8
DA:11,8
DA:13,8
LF:4
LH:4
BRF:0
BRH:0
end_of_record
TN:
SF:src/modules/cards/repositories/card.repository.ts
FN:11,(anonymous_7)
FN:15,(anonymous_9)
FN:20,(anonymous_11)
FN:25,(anonymous_13)
FN:29,(anonymous_15)
FNF:5
FNH:0
FNDA:0,(anonymous_7)
FNDA:0,(anonymous_9)
FNDA:0,(anonymous_11)
FNDA:0,(anonymous_13)
FNDA:0,(anonymous_15)
DA:1,8
DA:10,8
DA:12,0
DA:16,0
DA:17,0
DA:21,0
DA:22,0
DA:26,0
DA:30,0
LF:9
LH:2
BRDA:17,0,0,0
BRDA:17,0,1,0
BRDA:17,1,0,0
BRDA:17,1,1,0
BRF:4
BRH:0
end_of_record
TN:
SF:src/modules/cards/useCases/DeleteCard/DeleteCard.controller.ts
FN:6,(anonymous_7)
FNF:1
FNH:1
FNDA:3,(anonymous_7)
DA:2,1
DA:3,1
DA:5,1
DA:7,3
DA:9,3
DA:11,3
DA:13,3
DA:15,3
LF:8
LH:8
BRF:0
BRH:0
end_of_record
TN:
SF:src/modules/cards/useCases/DeleteCard/DeleteCard.useCase.ts
FN:9,(anonymous_7)
FNF:1
FNH:1
FNDA:2,(anonymous_7)
DA:1,2
DA:2,2
DA:8,2
DA:10,2
DA:12,2
DA:14,2
DA:16,1
DA:18,1
DA:20,1
LF:9
LH:9
BRDA:14,0,0,1
BRF:1
BRH:1
end_of_record
TN:
SF:src/modules/cards/useCases/createCard/CreateCard.controller.ts
FN:6,(anonymous_7)
FNF:1
FNH:1
FNDA:2,(anonymous_7)
DA:2,1
DA:3,1
DA:5,1
DA:7,2
DA:9,2
DA:13,2
DA:15,2
DA:17,2
LF:8
LH:8
BRF:0
BRH:0
end_of_record
TN:
SF:src/modules/cards/useCases/createCard/CreateCard.useCase.ts
FN:12,(anonymous_7)
FNF:1
FNH:1
FNDA:2,(anonymous_7)
DA:1,2
DA:2,2
DA:3,2
DA:11,2
DA:13,2
DA:14,2
DA:15,2
DA:16,2
DA:17,1
DA:19,1
LF:10
LH:10
BRF:0
BRH:0
end_of_record
TN:
SF:src/modules/cards/useCases/findCards/FindCards.controller.ts
FN:5,(anonymous_7)
FNF:1
FNH:1
FNDA:2,(anonymous_7)
DA:2,1
DA:4,1
DA:6,2
DA:8,2
DA:10,2
LF:5
LH:5
BRF:0
BRH:0
end_of_record
TN:
SF:src/modules/cards/useCases/findCards/FindCards.useCase.ts
FN:4,(anonymous_7)
FNF:1
FNH:1
FNDA:1,(anonymous_7)
DA:1,2
DA:3,2
DA:5,1
DA:6,1
LF:4
LH:4
BRF:0
BRH:0
end_of_record
TN:
SF:src/modules/cards/useCases/updateCard/UpdateCard.controller.ts
FN:7,(anonymous_7)
FNF:1
FNH:1
FNDA:3,(anonymous_7)
DA:2,1
DA:3,1
DA:4,1
DA:6,1
DA:8,3
DA:9,3
DA:11,3
DA:15,3
DA:17,3
DA:19,3
DA:21,3
LF:11
LH:11
BRF:0
BRH:0
end_of_record
TN:
SF:src/modules/cards/useCases/updateCard/UpdateCard.useCase.ts
FN:12,(anonymous_7)
FNF:1
FNH:1
FNDA:2,(anonymous_7)
DA:1,2
DA:2,2
DA:11,2
DA:14,2
DA:16,2
DA:18,2
DA:20,1
DA:27,1
LF:8
LH:8
BRDA:18,0,0,1
BRF:1
BRH:1
end_of_record
TN:
SF:src/modules/cards/utils/log.utils.ts
FN:7,(anonymous_0)
FNF:1
FNH:1
FNDA:7,(anonymous_0)
DA:7,3
DA:8,7
DA:9,7
LF:3
LH:3
BRF:0
BRH:0
end_of_record
TN:
SF:src/modules/cards/utils/validate-card.utils.ts
FNF:0
FNH:0
DA:1,3
DA:3,3
LF:2
LH:2
BRF:0
BRH:0
end_of_record
